thomas moore
student ID: 2318524
tmoore@chapman.edu
assignment 1

Statistics for file: linecount.txt

Sum of the length of the DNA strings: 20
Mean of the length of the DNA strings is: 2
Varience of the length of the DNA strings is: 4.8
Standard Deviation of the length of the DNA strings is: 2.19089
relative probability of each nucleotide: 
a: 0.2
c: 0.2
t: 0.2
g: 0.2

relative probability of each nucleotide bigram: 
aa: 0.1
ac: 0
at: 0.1
ag: 0
ca: 0.1
cc: 0
ct: 0.1
cg: 0.1
ta: 0
tc: 0
tt: 0
tg: 0.2
ga: 0
gc: 0
gt: 0.3
gg: 0
t
act



gta
cata
atcc
c

ctctc
ct
tca

a

tt
cc



tct
g

cct
t
t
ctgt
tta
c
tc
ac

aactt
ct
c
at
ata
cac
gt
aa
acct
aa
ta
ta
gaacttcg

ctct
tgat
ttt
tgc
tagc
tc
ag

ccta

c
a

gc
t


g
ggt
ct
c
ctga


tc
tat
ctt
a
t
tct
t
cga
cctc
gta

ac
acct
t
c

aa

c

c
ca
c

ccc
t
acatt
ttact
ct
ccgtaa

c


c
a


aata
tc
ctga
gtc
gag
cc


gac
t

gtgc
ctgg

t
aag


ccgtacgtgc
ac
t

ctt
gtcgt
ggt
tg
tt

ttt





cac
tcgc


g
c
aaggc

cc
ttt


t
ct
ctt


ccg
gt


g

ac
gtttacct
actc
cc
tgt
ca

ctaaa

gac

tg
cttcta
ggc
c
tgg
tc
gaa
ag
tatccg

tcg
cg
tccc
g

c
cg
tgcgct
ac
c
tcc
accttcc
ctaa
g
tacttag
ta
acc
tca
at
g

g
cagatg

t
acc


gacat
t
aca
cgg

gtc
c
cttt
gc

a
a
ttt

tacca

ct
cg
cgg
tag
tc
aacccg

a
cc
ga
t

c

tcca
caa
tg
att
ctcgc
tca
gcc

cc
a




atttc
cct
ca
gtat
ccc
tt
attacac
a


c
a
c
tatta
att
acgct
c
gg
gc
ctactcatc

tag
gtccat
ctcct
t
cctg


a
g
cgtc
ccg
aa
cta
tccccc
cct
cttg
ccc

t
t
c

cga
ga

t
c
tcct
ttgc
aat
gtt
cg
ttccta
t
tt
acacagc




ctc
agaaa
ctag
g
caat
tt
a
ccatg
cacact
cc
ctc


tca
a
aa
ct
gc
tccc
tcgtc
cctgc
cg
cgaa
ac


tctc
t


ta
ct
g

taccac
gcg

ac
cgttc

acaac



atc
ccac
at

t


attcc
ct
c
gc
c
t
gtgcc


gccttt

aat

c
tt
ag
a

tt


tctc
t

cacctat
ctc

gacgt
c
atg
tcac
ataggct
tttcc
ac
cg
ct
a
at
cct
tca
tctca

cct
tagat
cttat

ct
cc
accc


ggc
acat

tt
aa
accc
ta

tctt
ttt
tg
ttgt
acg
gag
ctac
act
gct
c
cacg
gcc
ccgct

g
a

t


aa


aa
attg


cct
tttt
acc
agtc
aatcg
ctctt
gttc
cc
cagactc
aata
ag
ttgggt

cc

at


gta


ctgaca
ctaa
at
ta
tctc
ctc
tga
ac
ca
a


aat
at
c
tga
ccaag
gt

gaacttc

aa
atg
ttgc
a
aggc
accg
ca
tcgga
t

tt
ccca

tca

gata

aactt

ta
cct
aggct

ta
ata
cc
a
cag

aat
cc
cctg
gtctcta
ca

tt

t
tg


catt
ttc
a
t
cattc
tc
a
ct
tat

gct
tg
c

ac
ctgc
ttt

a
c
ag
t
ac
g

ca
t
cttc


c

gca
gtac
agac


tt

cttc
caa
acacgt
agcg
cc
ggcg
cc

c
ctc
gc
tc

ccgt
ccg

tttctcg
ttc
gc
gc


t
acttc

ggtc
tc

t
aatc

tcta

a

c
ctat
at
ctc
ac
act
c
gccct

ct
tta
t
tcccc
cctc
tg

tccta
aga
tga
at

c
a
g
t
at
gcc


gca

g
cg
aca

gtcaat

cttcc
tct
ccatg
ggt
tctta
cattc
attca
ca
cac

tatac


a
aca
t
caa

ta
ttcg
cgc
ccccc

gat
at
ccac
gg
ac


cct
tctcc
cacc
aa
cac

ca


tcca


taa
caa


ggggc

aca
cc
c
cc

acc
ttcat
t

c
acgtt
agtt
c
at
gt

cgc

ccgcc
cttt
aa
c

c
tcag
ttta

cttactctc
tgt

ttt
cgc
agac
ctg
acaa
cc
c

acc

gg



tg
ctc

ac
attg
aagca

tt
gg
ctcat

ggg

ccag
cgg
ccaa
ggg
gg
at
tca
ttagg
t

cc
acgtc
att
tt
ttc
ac
c
ttat



cta
t

ag
c


gca
ttcc
c
ttactt

aaga
tact
tac
acaac
tttgcc

ga


t
cct
tccac
ctgtc

c
tggccta
aa
ggaaaa
gccg
caa
taca
t

cc

caaa

gac
a
cg
ctc
taca
g
t
cccg
ctt
cg
ccccac
c
ac
a
gt
ac
ttgt
ccc
ata
acgcgt
ggtga
tc
accc
ctt
tccct
aa
ag
c
tg
tc
tt
tcg
gcctc

ca
ttt
tatt
cat
cac
ac

atc

catgag
agtc
cttct
cta

c
gct



t
a
gaagg
ac
ccg
cccttt
ccgg
gatt


cc
tctct
gcctg
c
tc

a
t
c
g
cat

accc

tatca
ac
tt
t
g
accc
t
ttatcac
cccc
a

ata
ct
t
gt
actctct
acataa
aac
aata


gc

c

cta
caattc
ca


tcc
a
tccg

cg

c

atc
tttct

tcc
ctgta
c
tga
ctt

tt
tc
cctt
cgccg
taaata
gt

caa


g
act

g
tccc
tt
t
ggcac
ca
ca
t

t
c

cttt
at
c
ccacat
cc
ta
g
ct
ttg
tcact

ct

g

ctcaccact

c
gg
tc

aac
ttgac
ggc



attca
acccc

cctcac
tt
cat
taat
acgc

